C51 COMPILER V9.54   MAIN                                                                  02/06/2025 16:00:13 PAGE 1   


C51 COMPILER V9.54, COMPILATION OF MODULE MAIN
OBJECT MODULE PLACED IN .\Objects\main.obj
COMPILER INVOKED BY: D:\qianrushi\C51\BIN\C51.EXE main.c OPTIMIZE(8,SPEED) BROWSE DEBUG OBJECTEXTEND PRINT(.\Listings\ma
                    -in.lst) TABS(2) OBJECT(.\Objects\main.obj)

line level    source

   1          #include <REGX52.H>
   2          
   3          void Delay1ms(unsigned int xms) //@12.000MHz
   4          {
   5   1        unsigned char data i, j;
   6   1        while(xms)
   7   1        {
   8   2          i = 2;
   9   2          j = 239;
  10   2          do
  11   2          {
  12   3            while (--j);
  13   3          } while (--i);
  14   2          xms--;
  15   2        }
  16   1        
  17   1      }
  18          
  19          void main()
  20          {
  21   1        while(1)
  22   1        {
  23   2          if(P3_1==0)
  24   2          {
  25   3            Delay1ms(40);
  26   3            while(P3_0==0);
  27   3            {
  28   4            Delay1ms(40);
  29   4              P2_0=~P2_0;
  30   4            }
  31   3          }
  32   2            
  33   2        }
  34   1      }


MODULE INFORMATION:   STATIC OVERLAYABLE
   CODE SIZE        =     44    ----
   CONSTANT SIZE    =   ----    ----
   XDATA SIZE       =   ----    ----
   PDATA SIZE       =   ----    ----
   DATA SIZE        =   ----    ----
   IDATA SIZE       =   ----    ----
   BIT SIZE         =   ----    ----
END OF MODULE INFORMATION.


C51 COMPILATION COMPLETE.  0 WARNING(S),  0 ERROR(S)
