C51 COMPILER V9.54   MAIN                                                                  02/06/2025 17:05:10 PAGE 1   


C51 COMPILER V9.54, COMPILATION OF MODULE MAIN
OBJECT MODULE PLACED IN .\Objects\main.obj
COMPILER INVOKED BY: D:\qianrushi\C51\BIN\C51.EXE main.c OPTIMIZE(8,SPEED) BROWSE DEBUG OBJECTEXTEND PRINT(.\Listings\ma
                    -in.lst) TABS(2) OBJECT(.\Objects\main.obj)

line level    source

   1          #include <REGX52.H>
   2          
   3          void Delay(int xms) 
   4          {
   5   1        unsigned char data i, j;
   6   1        while(xms--)
   7   1        {
   8   2          i = 2;
   9   2          j = 239;
  10   2          do
  11   2          {
  12   3            while (--j);
  13   3          } while (--i);
  14   2        }
  15   1      }
  16          unsigned char LEDnum;
  17          
  18          void main()
  19          {
  20   1        P2=~0x01;
  21   1        while(1)
  22   1        {
  23   2          
  24   2          if(P3_1==0)
  25   2          {
  26   3            Delay(20);
  27   3            while(P3_1==0);
  28   3            Delay(20);
  29   3            LEDnum++;
  30   3            if(LEDnum>=8)
  31   3                LEDnum=0;
  32   3            
  33   3            P2=~(0x01<<LEDnum);
  34   3            
  35   3          }
  36   2          if(P3_0==0)
  37   2          {
  38   3            Delay(20);
  39   3            while(P3_0==0);
  40   3            Delay(20);
  41   3            LEDnum--;
  42   3            if(LEDnum>=8)
  43   3                LEDnum=7;
  44   3            P2=~(0x01<<LEDnum);
  45   3            
  46   3          }
  47   2        }
  48   1      }
  49          


MODULE INFORMATION:   STATIC OVERLAYABLE
   CODE SIZE        =    110    ----
   CONSTANT SIZE    =   ----    ----
C51 COMPILER V9.54   MAIN                                                                  02/06/2025 17:05:10 PAGE 2   

   XDATA SIZE       =   ----    ----
   PDATA SIZE       =   ----    ----
   DATA SIZE        =      1    ----
   IDATA SIZE       =   ----    ----
   BIT SIZE         =   ----    ----
END OF MODULE INFORMATION.


C51 COMPILATION COMPLETE.  0 WARNING(S),  0 ERROR(S)
