C51 COMPILER V9.54   MAIN                                                                  02/04/2025 17:03:09 PAGE 1   


C51 COMPILER V9.54, COMPILATION OF MODULE MAIN
OBJECT MODULE PLACED IN .\Objects\main.obj
COMPILER INVOKED BY: D:\qianrushi\C51\BIN\C51.EXE main.c OPTIMIZE(8,SPEED) BROWSE DEBUG OBJECTEXTEND PRINT(.\Listings\ma
                    -in.lst) TABS(2) OBJECT(.\Objects\main.obj)

line level    source

   1          #include <REGX52.H>
   2          
   3          void Delay1ms(unsigned int xms) //@12.000MHz
   4          {
   5   1        unsigned char data i, j;
   6   1        while(xms)
   7   1        {
   8   2          i = 2;
   9   2          j = 239;
  10   2          do
  11   2          {
  12   3            while (--j);
  13   3          } while (--i);
  14   2          xms--;
  15   2        }
  16   1      }
  17          void main()
  18          
  19          {
  20   1          while(1)
  21   1          {
  22   2          P2=0xfe;//11111110
  23   2          Delay1ms(100);
  24   2          P2=0xfd;//11111101
  25   2          Delay1ms(100);
  26   2          P2=0xfb;//11111011
  27   2          Delay1ms(100);
  28   2          P2=0xf7;//11110111
  29   2          Delay1ms(100);
  30   2          P2=0xef;//11101111
  31   2          Delay1ms(100);
  32   2          P2=0xdf;//11011111
  33   2          Delay1ms(100);
  34   2          P2=0xbf;//10111111
  35   2          Delay1ms(100);
  36   2          P2=0x7f;//01111111
  37   2          Delay1ms(100);
  38   2          }
  39   1      
  40   1      }


MODULE INFORMATION:   STATIC OVERLAYABLE
   CODE SIZE        =     74    ----
   CONSTANT SIZE    =   ----    ----
   XDATA SIZE       =   ----    ----
   PDATA SIZE       =   ----    ----
   DATA SIZE        =   ----    ----
   IDATA SIZE       =   ----    ----
   BIT SIZE         =   ----    ----
END OF MODULE INFORMATION.


C51 COMPILATION COMPLETE.  0 WARNING(S),  0 ERROR(S)
