C51 COMPILER V9.54   MAIN                                                                  02/04/2025 16:37:50 PAGE 1   


C51 COMPILER V9.54, COMPILATION OF MODULE MAIN
OBJECT MODULE PLACED IN .\Objects\main.obj
COMPILER INVOKED BY: D:\qianrushi\C51\BIN\C51.EXE main.c OPTIMIZE(8,SPEED) BROWSE DEBUG OBJECTEXTEND PRINT(.\Listings\ma
                    -in.lst) TABS(2) OBJECT(.\Objects\main.obj)

line level    source

   1          #include <REGX52.H>
   2          #include <INTRINS.H>
   3          
   4          void Delay200ms(void) //@12.000MHz
   5          {
   6   1        unsigned char data i, j, k;
   7   1      
   8   1        _nop_();
   9   1        i =  2;
  10   1        j = 134;
  11   1        k = 20;
  12   1        do
  13   1        {
  14   2          do
  15   2          {
  16   3            while (--k);
  17   3          } while (--j);
  18   2        } while (--i);
  19   1      }
  20          
  21          void main()
  22          {
  23   1        while(1)
  24   1        {
  25   2          P2=0xfe;//11111110
  26   2          Delay200ms();
  27   2          P2=0xfd;//11111101
  28   2          Delay200ms();
  29   2          P2=0xfb;//11111011
  30   2          Delay200ms();
  31   2          P2=0xf7;//11110111
  32   2          Delay200ms();
  33   2          P2=0xef;//11101111
  34   2          Delay200ms();
  35   2          P2=0xdf;//11011111
  36   2          Delay200ms();
  37   2          P2=0xbf;//10111111
  38   2          Delay200ms();
  39   2          P2=0x7f;//01111111
  40   2          Delay200ms();
  41   2          
  42   2        }
  43   1      }


MODULE INFORMATION:   STATIC OVERLAYABLE
   CODE SIZE        =     64    ----
   CONSTANT SIZE    =   ----    ----
   XDATA SIZE       =   ----    ----
   PDATA SIZE       =   ----    ----
   DATA SIZE        =   ----    ----
   IDATA SIZE       =   ----    ----
   BIT SIZE         =   ----    ----
END OF MODULE INFORMATION.

C51 COMPILER V9.54   MAIN                                                                  02/04/2025 16:37:50 PAGE 2   


C51 COMPILATION COMPLETE.  0 WARNING(S),  0 ERROR(S)
